11172022	00:08:34	292cb20a-eb2c-4280-88c8-722eb98b507d	GET	/h	undefined
11172022	00:08:34	3f401836-e2e6-4f30-9060-c3ccfe86e51c	GET	/css/style.css	undefined
11172022	00:08:34	001757c5-315b-4b4e-8252-a8cd2c12ffca	GET	/dribbble_1.gif	undefined
11172022	00:24:13	81b32fab-c1f1-4a2a-8c29-113e57da6553	GET	/h	undefined
11172022	00:24:28	0c5ce2db-9261-4a0e-aef2-6f61ce6ea1dc	GET	/h	undefined
11172022	00:25:01	dcebce32-2b13-495d-bab0-8a31e38011ef	GET	/h	undefined
11172022	00:25:07	d80722bf-931c-491b-8711-d8fc96a54d2c	GET	/a	undefined
11172022	00:25:16	41bc33f4-0876-4a8d-af13-de4bb110ef1c	GET	/a	undefined
11172022	00:25:48	8b232f51-01e1-4b63-b913-7c7dd9057b33	GET	/	undefined
11172022	00:26:18	a8a5e306-c827-41a2-b3c3-99bc5f021d1a	GET	/	undefined
11172022	00:28:59	af13c467-ee3b-44d2-b6cb-c1fe66c1806b	GET	/	undefined
11172022	00:29:01	712dd770-3479-4b22-91ec-01dee33d8738	GET	/	undefined
11172022	00:31:04	628fe272-ae97-460c-bfff-7a431e4a711b	GET	/	undefined
11172022	00:31:58	225bf92f-f83b-49ef-bee1-51ef5a17e470	GET	/	undefined
11172022	00:35:27	b74c56c1-ce98-4d6d-9dac-e2677b168302	GET	/	undefined
11172022	01:24:11	03e6146b-ae10-4d40-9e33-f820a5b74793	GET	/	undefined
11172022	01:28:35	345f3eb7-c4d9-4f3a-971b-9c775f934dba	GET	/	undefined
11172022	01:28:39	d54a1c6b-771f-45d6-9b58-f556c6a620a6	GET	/a	undefined
11172022	01:28:39	3af95187-12ba-486b-9d94-a372a8e34909	GET	/css/style.css	undefined
11172022	01:28:39	cde073df-a96f-4368-98bd-27af86a0d765	GET	/dribbble_1.gif	undefined
11172022	01:30:06	199dd0b6-3590-430f-b940-64538e1dd0d8	GET	/	undefined
11172022	01:30:38	29cdd832-3406-4da9-b1dd-0cd86c78b440	GET	/users	undefined
11172022	01:30:49	0a4e9ec1-6bf6-438c-9c6d-a228dcc5d23d	GET	/user	undefined
11172022	01:32:26	9fed9a4b-48d7-482e-944d-400faa92581f	GET	/users	undefined
11172022	01:33:54	fa073a3b-e7d2-4c41-a97d-d9055788f343	GET	/users	undefined
11172022	01:38:23	ec4de1fb-ea0c-46b7-86d4-2386ea0825ac	POST	/users	undefined
11172022	01:40:05	e75721db-0f86-45e8-9f0e-dbe0b625e144	POST	/users	undefined
11172022	01:40:37	6a6703c2-15aa-48a7-bee6-a850e59f0082	POST	/users	undefined
11172022	01:42:21	57088c80-ea95-47ff-a7a6-314fbcb96b59	POST	/users	undefined
11172022	01:46:11	103c6e9b-181b-43be-bea6-c737ebc01685	POST	/users	undefined
11172022	01:46:53	3fb3b122-a139-4d40-82c4-dffa0802d296	GET	/users	undefined
11172022	01:51:04	7166c82e-0217-48d1-820f-783c8f571773	POST	/users	undefined
11172022	01:53:58	46e87833-b245-4763-a00f-b4daf358ceb8	POST	/users	undefined
11172022	01:54:53	acc7b6b6-7c2e-4b10-85d6-e241c2aa368c	POST	/users	undefined
11172022	01:55:09	85a3956d-0228-4eb9-bea7-dc8fb74bf084	POST	/users	undefined
11182022	00:33:03	b40b956c-e67e-47e4-a4f8-934044e15f64	GET	/	undefined
11182022	00:33:03	5445e24b-3acf-484f-8eef-4c83a5921ed1	GET	/favicon.ico	undefined
11182022	00:33:07	19e1da19-3814-4d7b-9803-91ec7f687e25	GET	/	undefined
11182022	00:33:11	beb3decd-b699-42e3-b97a-a373ad33ffd3	GET	/hey	undefined
11182022	00:33:11	6cbe1c01-1c7a-4287-a527-a4c961dde654	GET	/css/style.css	undefined
11182022	00:33:11	1da75bd1-dd19-4099-92dc-ce4cc8e70179	GET	/dribbble_1.gif	undefined
11182022	00:34:17	df7419ef-d4c4-4464-be3f-179329541602	GET	/refresh	undefined
11182022	00:34:32	5ab3f914-8170-4990-a5bb-09341f251916	GET	/auth/refresh	undefined
11182022	00:35:24	8cc64bbb-5adc-4a57-9200-42a80ce97331	GET	/users	undefined
11182022	00:35:26	6993f092-2f64-4e74-b69d-776551ff4d37	GET	/users	undefined
11182022	00:35:28	7fbab94a-80f1-43ad-b376-60a6f7e5e0be	GET	/users	undefined
11182022	00:35:29	c935bac5-2d3b-4229-9f7e-5a8221f83158	GET	/users	undefined
11182022	00:35:30	4f05090f-c33e-4453-b091-21c3d4487f95	GET	/users	undefined
11182022	00:35:30	b7d72418-203f-4672-ba5d-4c56cdca2f8f	GET	/users	undefined
11182022	00:36:07	7f321701-bf9b-4687-aac8-19eb03d84165	GET	/users	undefined
11182022	00:37:30	c72e3f44-6cae-4c9b-b677-3831907b7c0b	POST	/auth	undefined
11182022	00:37:44	2a8e161f-af6d-430f-b321-cce394d8fbb4	POST	/auth	undefined
11182022	00:37:45	aa025e53-c874-46a9-91b9-5855e6aa389a	POST	/auth	undefined
11182022	00:38:46	ffd737d7-3fd1-49f9-8d34-d2d9d725644c	POST	/auth	undefined
11182022	00:38:55	080798f7-74d9-4e75-a4bb-1f49f8279d1e	POST	/auth	undefined
11182022	00:41:05	cb47014a-68c4-49d4-a183-a7ef50015d98	GET	/auth	undefined
11182022	00:41:14	2599244d-40aa-4f2b-9868-e3ab2aeb42b3	GET	/auth	undefined
11182022	00:41:14	57ecf689-0e01-414f-b317-c4733bd00d5d	GET	/auth	undefined
11182022	00:41:15	8bcc5a6f-7342-4bf3-b57f-3a02587c13ff	GET	/auth	undefined
11182022	00:41:15	e217ad95-9ac1-43d6-999f-955299c407b6	GET	/auth	undefined
11182022	00:41:18	b36bb70b-e8b6-43de-92b1-d68b12138877	GET	/auth	undefined
11182022	00:41:22	226b5951-fbdc-47c8-9272-d48c412dd9a7	POST	/auth	undefined
11182022	00:59:34	9e48212f-8e12-404d-bf98-4113da851f01	GET	/	undefined
11182022	00:59:51	6d6ba53f-e608-469a-af0a-3739ed757c1c	GET	/auth	undefined
11182022	01:46:08	1bf34ffe-a6d3-427e-8e19-da2d89eecf85	POST	/auth	undefined
11182022	01:47:48	5e8baecc-9af8-429d-8cec-83ec42583fd2	POST	/users	undefined
11182022	01:47:50	d37b86b6-274d-4181-a85e-bca2a1d94c21	POST	/users	undefined
11182022	01:47:51	c20c1600-f690-4e5a-9593-571abe3e25f6	POST	/users	undefined
11182022	01:53:28	f3fdc410-e850-46e9-8e47-4c726c926607	POST	/auth	undefined
11182022	01:55:27	873cd26f-5b1a-4f7e-abec-7bae5c666d13	POST	/auth/refresh	undefined
11182022	01:55:46	b42d53c4-85af-4e98-85cf-9c16980c68bc	GET	/auth/refresh	undefined
11182022	01:56:22	32fa403c-58c3-4120-a8e0-c057a2f306b2	GET	/auth/refresh	undefined
11182022	01:59:07	0563ff5f-d507-41db-a71f-3d61233b9117	POST	/auth	undefined
11182022	02:00:13	d01fce3c-7baf-4c41-99ef-0ed50503ec3c	GET	/auth/refresh	undefined
11182022	02:00:28	664664cd-c933-4957-bd66-370dabb30f5a	POST	/auth/refresh	undefined
11182022	02:00:33	ff29b713-1121-4aee-b848-5d467be487e9	POST	/auth	undefined
11182022	02:01:27	c74fea5d-cb26-45db-abe6-92202b69a248	GET	/auth/refresh	undefined
11182022	02:07:19	0f2d0bc8-2877-4cb5-8405-86ff8fff271b	POST	/auth	undefined
11182022	02:07:32	9ee9d3a3-0b7f-46e9-894f-227ac16e61c3	GET	/auth/refresh	undefined
11182022	02:08:07	954788bb-fd7d-4e57-a5e3-663aa59ecdb6	GET	/users	undefined
11182022	02:09:51	e2e74ec3-38cf-4a92-8232-9a3e3a9daa06	GET	/products	undefined
11182022	09:38:59	a9307cec-7028-459a-9180-a6c22fdabf03	GET	/users	http://localhost:3000
11182022	09:48:33	0eb26d13-56c5-4001-b6d4-4ee87565a190	GET	/users	http://localhost:3000
11182022	09:48:38	5a8de3cb-393e-41b0-80bb-65151510b572	GET	/users	http://localhost:3000
11182022	09:49:37	89cb1da2-24fe-469a-bceb-e799f8a9ff89	GET	/users	http://localhost:3000
11182022	09:49:38	37ca411d-5255-4ca3-877f-af1035e9fa2e	GET	/users	http://localhost:3000
11182022	09:49:41	d04bf745-c148-48c6-8232-9a92cde40251	GET	/users	http://localhost:3000
11182022	09:49:44	76a08cce-eb83-4979-aea6-4934062241ce	GET	/users	http://localhost:3000
11182022	09:49:51	444d8d94-4885-441f-9990-d6b090984ab1	GET	/users	http://localhost:3000
11182022	09:49:54	75d0bf38-d364-4148-b3be-6bdeb8be585b	GET	/users	http://localhost:3000
11182022	09:49:59	e63caa22-9c34-4ba6-8445-00219cec44e0	GET	/users	http://localhost:3000
11182022	09:50:04	f83cd701-3833-475f-af3a-58bea2c25299	GET	/users	http://localhost:3000
11182022	09:59:10	ada26bff-5f1a-455a-b5ee-2041213b1a29	GET	/users	http://localhost:3000
11182022	10:00:11	ed740e1a-1107-4337-93d4-1d4aaa1738ef	GET	/users	http://localhost:3000
11182022	10:01:12	2d5fca71-d932-4a15-a1b6-0dc729bf04cc	GET	/users	http://localhost:3000
11182022	10:02:13	b8dc5f06-c5b6-4d77-afd5-b1416a37f359	GET	/users	http://localhost:3000
11182022	10:03:14	5b5887bb-0b7e-4d0f-9333-beddb48bd590	GET	/users	http://localhost:3000
11182022	10:04:15	86b1ed36-380a-4bad-9b93-707459d0602e	GET	/users	http://localhost:3000
11182022	10:05:16	9e645084-7708-43f4-ac53-c3da331dc9b4	GET	/users	http://localhost:3000
11182022	10:06:17	093f2d88-58b7-4c63-8822-ad7cbd302bcd	GET	/users	http://localhost:3000
11182022	10:07:18	b340d545-d7b8-4831-a26f-ed563f74ff3b	GET	/users	http://localhost:3000
11182022	10:08:19	12a12fc2-9a3e-4ff3-a484-3311a4d57f1a	GET	/users	http://localhost:3000
11182022	10:09:19	f01196da-103b-48b1-aa7f-eba944b2213d	GET	/users	http://localhost:3000
11182022	10:09:25	9f1cf8cf-4eab-44c7-926c-5d3462750e6a	GET	/users	http://localhost:3000
11182022	10:10:26	7eb4359e-1461-4850-bb5a-6b64b3628cb4	GET	/users	http://localhost:3000
11182022	10:10:42	96cdc081-d8e2-4317-a791-7eb87b9bf5d2	GET	/users	http://localhost:3000
11182022	10:11:43	5ea8c37c-bf6d-4912-8519-db2d65794d41	GET	/users	http://localhost:3000
11182022	10:12:44	1863fbaa-7116-4ff8-b346-1f33aacaa574	GET	/users	http://localhost:3000
11182022	10:13:45	3535a272-e123-418b-9dec-3a667f0e5894	GET	/users	http://localhost:3000
11182022	10:14:46	b9393b4d-1031-4af8-828b-b84a5b195b61	GET	/users	http://localhost:3000
11182022	10:15:47	424c7466-d06a-4809-8f26-75c688da3876	GET	/users	http://localhost:3000
11182022	10:16:48	47e49fd0-1ffd-4ad9-bc01-4598aaf8c6ba	GET	/users	http://localhost:3000
11182022	10:17:49	d2329cab-7311-4788-8756-0783b4dc2e2c	GET	/users	http://localhost:3000
11182022	10:18:50	d30242a7-7d6b-442b-9ac6-9f70485556bf	GET	/users	http://localhost:3000
11182022	10:19:51	5232d008-2fc8-476f-b547-094ea5222424	GET	/users	http://localhost:3000
11182022	10:20:52	98cbb7fa-06e5-4c15-b4b8-8089021e9841	GET	/users	http://localhost:3000
11182022	10:21:53	0e427c0d-0947-458e-b1a1-36706a153e4e	GET	/users	http://localhost:3000
11182022	10:22:54	dd717ccf-f9c7-420a-8563-f8ac36d3a9ec	GET	/users	http://localhost:3000
11182022	10:23:55	8291c1b3-baed-41f3-acb8-c1a6563c8f27	GET	/users	http://localhost:3000
11182022	10:24:56	be1eed9e-0adf-474c-8e4b-bf0f80c51913	GET	/users	http://localhost:3000
11182022	10:25:53	2d92022a-2048-4af3-8b24-3835bcc80ac7	GET	/users	http://localhost:3000
11182022	11:03:53	2a45ddc5-b233-497d-80c2-50f3e77c6dfe	GET	/	undefined
11182022	11:03:54	67e908b7-4863-4dd7-bf93-9d6f64eca7d6	GET	/favicon.ico	undefined
11182022	12:01:43	cda35528-1313-4234-bd87-5299c54872c0	GET	/	undefined
11182022	12:32:55	e6cde37e-917b-411f-b282-41c46721729a	GET	/	undefined
11182022	12:52:59	1d6b87a3-c6d7-449a-a822-49e1bf6ce103	GET	/	undefined
11182022	12:53:00	89c9f60c-1d34-4720-8ecb-ed639fcd16ed	GET	/favicon.ico	undefined
11182022	12:53:09	ef589cf6-1e37-4141-9e73-823cf81064ac	GET	/	undefined
11182022	12:58:34	6fe155a0-374f-408a-9c49-5c808e61c928	GET	/users	undefined
11182022	12:59:14	8735d331-1f8c-4b89-b5cf-800c919d0d52	GET	/users	undefined
11182022	13:00:48	9fe4ebe7-9cef-4814-87ca-8091a13f8b5b	GET	/	undefined
11182022	13:08:00	529680d9-d2fa-4549-a1ee-00a0f11aae1a	GET	/products	undefined
11182022	13:08:12	d70fffdb-7c0e-46ad-b5fd-b4d98dcd8266	GET	/products	undefined
11182022	13:15:27	67ccbc4a-4c1e-496e-913f-1ea56bb9206c	OPTIONS	/auth	http://localhost:3000
11182022	13:15:28	ccbaf418-b1d6-46bc-b339-3850eebdd05a	POST	/auth	http://localhost:3000
11182022	13:15:55	497964f3-4c5b-44c4-88b6-f44ba4b38cf0	GET	/auth/refresh	http://localhost:3000
11182022	13:16:29	08e07243-f8cc-4691-bcde-b012c06f0b68	GET	/auth/refresh	http://localhost:3000
11182022	13:16:51	13ecfa07-648b-4e67-9d41-e730a3de10a9	GET	/auth/refresh	http://localhost:3000
11182022	13:16:56	43312c39-06ec-483e-be7f-de09d5e34a14	OPTIONS	/auth	http://localhost:3000
11182022	13:17:10	2bf53c50-f539-4b31-b70e-e73675c8efe2	OPTIONS	/auth	http://localhost:3000
11182022	13:17:36	6ce2a767-120f-49a5-9bc4-77aca6154caa	OPTIONS	/auth	http://localhost:3000
11182022	13:17:36	3c3d045c-44d4-422b-849a-d1722fbfe4a6	POST	/auth	http://localhost:3000
11182022	13:18:00	6ddb8de9-b12e-4438-a3fb-78ef6e602397	OPTIONS	/auth	http://localhost:3000
11182022	13:18:00	ba791b08-b923-4704-b396-492c41a5a3ce	POST	/auth	http://localhost:3000
11182022	13:18:07	f06370b3-9a3f-4c23-892f-2961e2c25ca1	GET	/auth/refresh	http://localhost:3000
11182022	13:19:11	3d0dfbc1-4d61-4598-b81e-5d00d97d0967	GET	/auth/refresh	http://localhost:3000
11182022	13:20:46	540365d1-04ce-458a-9a97-c70706a43e3c	OPTIONS	/users	http://localhost:3000
11182022	13:20:46	ee27fea7-c497-444e-a11b-3fdd9dade3aa	GET	/users	http://localhost:3000
11182022	13:21:25	88bd03b5-a084-4efb-9b67-a58fbdd8fac4	GET	/auth/refresh	http://localhost:3000
11182022	13:21:32	4ccd8f43-fb25-42f5-ba8b-2240d8c0961b	OPTIONS	/users	http://localhost:3000
11182022	13:21:32	3603da2e-3c92-4150-bf87-4d3ad4e62538	GET	/users	http://localhost:3000
11182022	13:21:33	1355e1f7-1068-485e-9992-82051c1bd3c2	GET	/auth/refresh	http://localhost:3000
11182022	13:21:34	685bbef4-cef0-4ad1-9818-1eed485205bc	GET	/users	http://localhost:3000
11182022	13:25:59	8b3f0bba-837b-4a63-a74a-d806438a8064	OPTIONS	/users	http://localhost:3000
11182022	13:25:59	44c11ec1-805c-4513-b459-4105fd67afe5	OPTIONS	/users	http://localhost:3000
11182022	13:25:59	b6608387-471e-4929-9d39-5ceaafe778e2	GET	/users	http://localhost:3000
11182022	13:25:59	8dbf8917-96c4-4ac5-ac6c-f7eb79ae8a5f	GET	/users	http://localhost:3000
11182022	13:26:04	3f4bc9be-1869-42d2-bb0f-ee86e02c200b	GET	/users	http://localhost:3000
11182022	13:26:04	8a9c7119-e95c-46d1-9cd4-d7b998cea50b	GET	/users	http://localhost:3000
11182022	13:26:14	f678056d-f503-4f97-805b-a3dceeb37dd2	OPTIONS	/users	http://localhost:3000
11182022	13:26:14	7f9f97f6-908f-4381-aae1-0f2a690a4306	OPTIONS	/users	http://localhost:3000
11182022	13:26:14	b536be06-9896-428e-815c-9a7d9857eede	GET	/users	http://localhost:3000
11182022	13:26:14	5c695978-8f56-4e3f-9565-22504dca1c04	GET	/users	http://localhost:3000
11182022	13:26:21	b9fcfba4-339d-4780-80bb-a746b9a28a06	OPTIONS	/users	http://localhost:3000
11182022	13:26:21	ca60be1d-0e2a-4580-9b25-e3655dd30408	OPTIONS	/users	http://localhost:3000
11182022	13:26:21	cba098ea-827b-48a8-8977-5361192871d6	GET	/users	http://localhost:3000
11182022	13:26:21	0eb5e214-59c6-4b41-8a32-c7acfb6b7e5c	GET	/users	http://localhost:3000
11182022	13:26:40	69e56ba8-9065-424c-a315-d98643344393	OPTIONS	/users	http://localhost:3000
11182022	13:26:40	8ddbacb7-add8-4e52-ae95-40bdcd244e30	OPTIONS	/users	http://localhost:3000
11182022	13:26:40	99f43395-8409-4031-895c-852a834578fb	GET	/users	http://localhost:3000
11182022	13:26:40	76052c31-6dec-4ab5-b02d-612a3196c410	GET	/users	http://localhost:3000
11182022	13:26:54	abb433a5-42c3-4c14-9744-e8d3a4251412	OPTIONS	/users	http://localhost:3000
11182022	13:26:54	12c53b0d-61ac-4e2f-bb49-2b3ba50508ac	OPTIONS	/users	http://localhost:3000
11182022	13:26:54	9d6baa46-db75-4b16-bce9-1d3d7bbd2a3a	GET	/users	http://localhost:3000
11182022	13:26:54	445b33c1-9896-41ae-a85f-595a4390d962	GET	/users	http://localhost:3000
11182022	13:27:07	42c30501-8ca7-40d1-9290-af6c815d2b0e	OPTIONS	/users	http://localhost:3000
11182022	13:27:07	e2975f60-19d5-40b5-b100-ddf9359dceff	OPTIONS	/users	http://localhost:3000
11182022	13:27:07	145ec975-b8c3-4442-b76e-4e7558e328b5	GET	/users	http://localhost:3000
11182022	13:27:07	6ae11ebb-e070-4210-ab3c-244728451360	GET	/users	http://localhost:3000
11182022	13:27:11	1f061d50-345b-4775-9de2-d9b61df4c375	GET	/users	http://localhost:3000
11182022	13:27:11	b997f734-0c03-475d-ab32-791aaebb1c46	GET	/users	http://localhost:3000
11182022	13:27:17	afc99193-0db0-4745-a155-9f2b29fd3f74	OPTIONS	/users	http://localhost:3000
11182022	13:27:17	bf7431c2-8054-47c9-8cc1-166996d683a4	OPTIONS	/users	http://localhost:3000
11182022	13:27:17	0f7442f8-3214-4567-b455-b7f7837b39bd	GET	/users	http://localhost:3000
11182022	13:27:17	b9e56cfe-0f0f-495e-9ab9-d553586723ff	GET	/users	http://localhost:3000
11182022	13:27:22	c5734481-743f-4461-900f-65021f4457a3	GET	/users	http://localhost:3000
11182022	13:27:22	2acbceff-898f-45ca-a370-cfa03f8b56c2	GET	/users	http://localhost:3000
11182022	13:27:27	e59ed7e4-83f4-4a88-a559-a9f794e2f072	OPTIONS	/users	http://localhost:3000
11182022	13:27:27	3875e433-dfc9-4ebd-9cec-917acff401d6	OPTIONS	/users	http://localhost:3000
11182022	13:27:27	44843535-b1d8-44ca-bbd9-f02bdebc8563	GET	/users	http://localhost:3000
11182022	13:27:27	b83b5b20-7035-4fd1-b81d-85f65f2f1dfa	GET	/users	http://localhost:3000
11182022	13:27:36	ce8bb49f-8401-46e2-a5e5-584ffdfa7bb9	OPTIONS	/users	http://localhost:3000
11182022	13:27:36	dac1cc22-1a68-452f-97aa-81a8751c85cb	OPTIONS	/users	http://localhost:3000
11182022	13:27:36	8670331c-68c1-48fb-925f-422fd50ee679	GET	/users	http://localhost:3000
11182022	13:27:36	60649b7e-62d8-47d1-92e2-73829ddb948e	GET	/users	http://localhost:3000
11182022	13:31:07	3b415131-51c3-4554-92fc-d368e6216f93	OPTIONS	/users	http://localhost:3000
11182022	13:31:07	fd532683-44d3-4cf8-8f16-83d4db4f2208	OPTIONS	/users	http://localhost:3000
11182022	13:31:07	bf279d9a-6801-440e-98ac-63f3d071b419	GET	/users	http://localhost:3000
11182022	13:31:07	00443387-52f1-4fd3-b801-8bb669bb9784	GET	/users	http://localhost:3000
11182022	13:31:21	893fff04-8919-42cc-96bb-e0db58d97efb	OPTIONS	/users	http://localhost:3000
11182022	13:31:21	5dd0ec35-f70e-44c5-956c-48f2934502fe	OPTIONS	/users	http://localhost:3000
11182022	13:31:21	fb8fc277-5a18-452a-b2ea-a9c0bfe7a7db	GET	/users	http://localhost:3000
11182022	13:31:21	51d30dca-e3ac-4cba-90cc-7ef9311b66d7	GET	/users	http://localhost:3000
11182022	13:31:24	8a9ae2a5-9ef1-40e0-8e1a-8620aa37c409	GET	/users	http://localhost:3000
11182022	13:31:24	db288bd9-be28-4075-bfff-52b1380afd38	GET	/users	http://localhost:3000
11182022	13:31:31	e9bbcc53-6914-4c65-8273-d794fe0dc431	OPTIONS	/users	http://localhost:3000
11182022	13:31:31	1a68da95-f7a4-4354-bfc9-9e3f37af8472	OPTIONS	/users	http://localhost:3000
11182022	13:31:31	8f53b237-eb00-40a3-b27b-a0da91f54e75	GET	/users	http://localhost:3000
11182022	13:31:31	ef8a915e-a9ea-46fc-8ee2-6272ee192a64	GET	/users	http://localhost:3000
11182022	13:52:12	2ebcf0f2-d826-41e2-892a-a4668c9e0920	GET	/auth/refresh	http://localhost:3000
11182022	13:52:12	403d20c2-0534-409f-b1b3-ba04e55ab9f6	OPTIONS	/users	http://localhost:3000
11182022	13:52:12	a295535c-adc2-43aa-89d6-daa85fd34edc	OPTIONS	/users	http://localhost:3000
11182022	13:52:12	70f000af-6245-4c75-96db-5de5da99dd1e	GET	/users	http://localhost:3000
11182022	13:52:12	229ee993-d2eb-42b9-89ec-328ba6122985	GET	/users	http://localhost:3000
